[+] Containers:
 |- [+] Container: /Game/FirstPerson/Maps/FirstPersonMap
 |   |- [+] ActorDescs:
 |   |   |- Guid:11BDCFF94A1CEE6CD01219BA7F4CA850 BaseClass: NativeClass:/Script/Landscape.LandscapeStreamingProxy Name:LandscapeStreamingProxy_C87Q4TYUYZVUU4KJ25F9SSP4X_1_1_3_0 Label:LandscapeStreamingProxy_1_3_0 SpatiallyLoaded:1 Bounds:IsValid=true, Min=(X=-4670.000 Y=7880.000 Z=20.000), Max=(X=1530.000 Y=14080.000 Z=3819.219) RuntimeGrid:None EditorOnly:0 RuntimeOnly:0 HLODRelevant:1
 |   |   |- Guid:12888A68430A4C029C0E08A3D4EA4EC1 BaseClass: NativeClass:/Script/Foliage.InstancedFoliageActor Name:InstancedFoliageActor_25600_0_0_0 Label:InstancedFoliageActor_0_0_0 SpatiallyLoaded:1 Bounds:IsValid=true, Min=(X=0.000 Y=0.000 Z=0.000), Max=(X=25600.000 Y=25600.000 Z=25600.000) RuntimeGrid:None EditorOnly:0 RuntimeOnly:0 HLODRelevant:1
 |   |   |- Guid:177E489A43E60E49A155ADBFABAB95D1 BaseClass: NativeClass:/Script/Engine.StaticMeshActor Name:StaticMeshActor_UAID_50EBF658E098626A01_1795056344 Label:S_Sandbag_Barrier_udtvadqfa_lod3_Var5 SpatiallyLoaded:1 Bounds:IsValid=true, Min=(X=2946.449 Y=-1314.079 Z=16.025), Max=(X=3395.482 Y=-803.414 Z=194.892) RuntimeGrid:None EditorOnly:0 RuntimeOnly:0 HLODRelevant:1
 |   |   |- Guid:1A18A9B046402A2E214E848637AE69DC BaseClass: NativeClass:/Script/Foliage.InstancedFoliageActor Name:InstancedFoliageActor_25600_0_-1_0 Label:InstancedFoliageActor_0_-1_0 SpatiallyLoaded:1 Bounds:IsValid=true, Min=(X=0.000 Y=-25600.000 Z=0.000), Max=(X=25600.000 Y=0.000 Z=25600.000) RuntimeGrid:None EditorOnly:0 RuntimeOnly:0 HLODRelevant:1
 |   |   |- Guid:1A57ABC14F7EFA8E57D14A8A00D6A146 BaseClass: NativeClass:/Script/Foliage.InstancedFoliageActor Name:InstancedFoliageActor_25600_-1_-1_0 Label:InstancedFoliageActor_-1_-1_0 SpatiallyLoaded:1 Bounds:IsValid=true, Min=(X=-25600.000 Y=-25600.000 Z=0.000), Max=(X=0.000 Y=0.000 Z=25600.000) RuntimeGrid:None EditorOnly:0 RuntimeOnly:0 HLODRelevant:1
 |   |   |- Guid:1E16E3404B1FB1F831380FB993A2E0B0 BaseClass: NativeClass:/Script/Landscape.LandscapeStreamingProxy Name:LandscapeStreamingProxy_C87Q4TYUYZVUU4KJ25F9SSP4X_1_2_3_0 Label:LandscapeStreamingProxy_2_3_0 SpatiallyLoaded:1 Bounds:IsValid=true, Min=(X=1530.000 Y=7880.000 Z=20.000), Max=(X=7730.000 Y=14080.000 Z=3077.812) RuntimeGrid:None EditorOnly:0 RuntimeOnly:0 HLODRelevant:1
 |   |   |- Guid:1ECD777F417E1479CD8A77B66A82055B BaseClass: NativeClass:/Script/Landscape.LandscapeStreamingProxy Name:LandscapeStreamingProxy_C87Q4TYUYZVUU4KJ25F9SSP4X_1_3_0_0 Label:LandscapeStreamingProxy_3_0_0 SpatiallyLoaded:1 Bounds:IsValid=true, Min=(X=7730.000 Y=-10720.000 Z=20.000), Max=(X=13930.000 Y=-4520.000 Z=4856.719) RuntimeGrid:None EditorOnly:0 RuntimeOnly:0 HLODRelevant:1
 |   |   |- Guid:2680B44B4AE26CB223311B921B8B6AC6 BaseClass: NativeClass:/Script/Landscape.LandscapeStreamingProxy Name:LandscapeStreamingProxy_C87Q4TYUYZVUU4KJ25F9SSP4X_1_3_1_0 Label:LandscapeStreamingProxy_3_1_0 SpatiallyLoaded:1 Bounds:IsValid=true, Min=(X=7730.000 Y=-4520.000 Z=20.000), Max=(X=13930.000 Y=1680.000 Z=5777.812) RuntimeGrid:None EditorOnly:0 RuntimeOnly:0 HLODRelevant:1
 |   |   |- Guid:28C3FCB44E3B265BCB8C84841437C672 BaseClass: NativeClass:/Script/Engine.StaticMeshActor Name:StaticMeshActor_UAID_50EBF658E098926C01_1220876912 Label:madera3 SpatiallyLoaded:1 Bounds:IsValid=true, Min=(X=-375.000 Y=-1100.000 Z=66.821), Max=(X=-225.000 Y=-1000.000 Z=95.033) RuntimeGrid:None EditorOnly:0 RuntimeOnly:0 HLODRelevant:1 Parent:76B8FB90480F709F07D55CAEC25CAB06
 |   |   |- Guid:296ACFBD4DF4427D4F7738B526BD4EDC BaseClass: NativeClass:/Script/Landscape.LandscapeStreamingProxy Name:LandscapeStreamingProxy_C87Q4TYUYZVUU4KJ25F9SSP4X_1_0_3_0 Label:LandscapeStreamingProxy_0_3_0 SpatiallyLoaded:1 Bounds:IsValid=true, Min=(X=-10870.000 Y=7880.000 Z=20.000), Max=(X=-4670.000 Y=14080.000 Z=3757.500) RuntimeGrid:None EditorOnly:0 RuntimeOnly:0 HLODRelevant:1
 |   |   |- Guid:2C6CEF294291D54AA6462CA462A95CB4 BaseClass: NativeClass:/Script/Landscape.LandscapeStreamingProxy Name:LandscapeStreamingProxy_C87Q4TYUYZVUU4KJ25F9SSP4X_1_2_1_0 Label:LandscapeStreamingProxy_2_1_0 SpatiallyLoaded:1 Bounds:IsValid=true, Min=(X=1530.000 Y=-4520.000 Z=20.000), Max=(X=7730.000 Y=1680.000 Z=123.906) RuntimeGrid:None EditorOnly:0 RuntimeOnly:0 HLODRelevant:1
 |   |   |- Guid:2E53D1354F80D21CDB65E38589F50B41 BaseClass: NativeClass:/Script/Landscape.Landscape Name:Landscape_UAID_50EBF658E098026A01_1597191449 Label:Landscape SpatiallyLoaded:0 Bounds:IsValid=true, Min=(X=-10870.000 Y=-10720.000 Z=20.000), Max=(X=-10870.000 Y=-10720.000 Z=20.000) RuntimeGrid:None EditorOnly:0 RuntimeOnly:0 HLODRelevant:0
 |   |   |- Guid:3243628040409B6BE2584EBDF720D103 BaseClass: NativeClass:/Script/Landscape.LandscapeStreamingProxy Name:LandscapeStreamingProxy_C87Q4TYUYZVUU4KJ25F9SSP4X_1_1_1_0 Label:LandscapeStreamingProxy_1_1_0 SpatiallyLoaded:1 Bounds:IsValid=true, Min=(X=-4670.000 Y=-4520.000 Z=20.000), Max=(X=1530.000 Y=1680.000 Z=20.000) RuntimeGrid:None EditorOnly:0 RuntimeOnly:0 HLODRelevant:1
 |   |   |- Guid:3E51C07249B26C24ABF2F0BB0AD165C1 BaseClass: NativeClass:/Script/Engine.StaticMeshActor Name:StaticMeshActor_UAID_50EBF658E098906C01_1268447553 Label:Tambor_de_aceite4 SpatiallyLoaded:1 Bounds:IsValid=true, Min=(X=2670.880 Y=-4026.991 Z=24.228), Max=(X=2804.862 Y=-3893.009 Z=215.083) RuntimeGrid:None EditorOnly:0 RuntimeOnly:0 HLODRelevant:1
 |   |   |- Guid:43CF6BE94EC5E6E01DAE7E906A5BB897 BaseClass: NativeClass:/Script/Landscape.LandscapeStreamingProxy Name:LandscapeStreamingProxy_C87Q4TYUYZVUU4KJ25F9SSP4X_1_0_2_0 Label:LandscapeStreamingProxy_0_2_0 SpatiallyLoaded:1 Bounds:IsValid=true, Min=(X=-10870.000 Y=1680.000 Z=20.000), Max=(X=-4670.000 Y=7880.000 Z=4137.969) RuntimeGrid:None EditorOnly:0 RuntimeOnly:0 HLODRelevant:1
 |   |   |- Guid:4D0CE8DD4096923F6080AFBDBCAE1BC4 BaseClass: NativeClass:/Script/Landscape.LandscapeStreamingProxy Name:LandscapeStreamingProxy_C87Q4TYUYZVUU4KJ25F9SSP4X_1_2_0_0 Label:LandscapeStreamingProxy_2_0_0 SpatiallyLoaded:1 Bounds:IsValid=true, Min=(X=1530.000 Y=-10720.000 Z=20.000), Max=(X=7730.000 Y=-4520.000 Z=4080.156) RuntimeGrid:None EditorOnly:0 RuntimeOnly:0 HLODRelevant:1
 |   |   |- Guid:4DE46CD64DF93AB0E635678B123CAE45 BaseClass: NativeClass:/Script/Engine.StaticMeshActor Name:StaticMeshActor_UAID_50EBF658E098926C01_1223169914 Label:madera4 SpatiallyLoaded:1 Bounds:IsValid=true, Min=(X=-215.000 Y=-1100.000 Z=66.821), Max=(X=-65.000 Y=-1000.000 Z=95.033) RuntimeGrid:None EditorOnly:0 RuntimeOnly:0 HLODRelevant:1 Parent:8FC59F70409AF8C2C72661A2400CC59A
 |   |   |- Guid:4F852C7645EB17B7CDD63FAD5A3A900E BaseClass: NativeClass:/Script/Landscape.LandscapeStreamingProxy Name:LandscapeStreamingProxy_C87Q4TYUYZVUU4KJ25F9SSP4X_1_2_2_0 Label:LandscapeStreamingProxy_2_2_0 SpatiallyLoaded:1 Bounds:IsValid=true, Min=(X=1530.000 Y=1680.000 Z=20.000), Max=(X=7730.000 Y=7880.000 Z=20.000) RuntimeGrid:None EditorOnly:0 RuntimeOnly:0 HLODRelevant:1
 |   |   |- Guid:586756EC4B5FAA25D44DAF810BA0365E BaseClass: NativeClass:/Script/Engine.StaticMeshActor Name:StaticMeshActor_UAID_50EBF658E0985D6A01_1104099466 Label:S_Worn_Metal_Workbench_wbuidixga_lod3_Var2 SpatiallyLoaded:1 Bounds:IsValid=true, Min=(X=2356.710 Y=-4126.025 Z=529.650), Max=(X=2443.088 Y=-3973.994 Z=606.488) RuntimeGrid:None EditorOnly:0 RuntimeOnly:0 HLODRelevant:1
 |   |   |- Guid:5AA54FD94913615CB40357AB19A37B52 BaseClass: NativeClass:/Script/Engine.StaticMeshActor Name:StaticMeshActor_UAID_50EBF658E0985D6A01_1231169470 Label:S_Sandbag_Barrier_udtvadqfa_lod3_Var2 SpatiallyLoaded:1 Bounds:IsValid=true, Min=(X=1366.449 Y=-1274.079 Z=16.025), Max=(X=1815.482 Y=-763.414 Z=194.892) RuntimeGrid:None EditorOnly:0 RuntimeOnly:0 HLODRelevant:1
 |   |   |- Guid:5D9F7B764B88FB46B3DA9F9F9866194A BaseClass: NativeClass:/Script/Engine.StaticMeshActor Name:StaticMeshActor_UAID_50EBF658E0985C6A01_2056167288 Label:S_Tarped_Crate_vh3lbfy_lod3_Var3 SpatiallyLoaded:1 Bounds:IsValid=true, Min=(X=1468.433 Y=-3863.034 Z=16.301), Max=(X=1551.626 Y=-3796.858 Z=92.760) RuntimeGrid:None EditorOnly:0 RuntimeOnly:0 HLODRelevant:1
 |   |   |- Guid:5FE7584649BB6F09265329A6C57CFD0D BaseClass: NativeClass:/Script/Engine.VolumetricCloud Name:VolumetricCloud_0 Label:VolumetricCloud SpatiallyLoaded:0 Bounds:IsValid=true, Min=(X=0.000 Y=0.000 Z=820.000), Max=(X=0.000 Y=0.000 Z=820.000) RuntimeGrid:None EditorOnly:0 RuntimeOnly:0 HLODRelevant:0 FolderPath:Lighting FolderGuid:0BA5F0A04EADB18E70D5B180D08FA34B
 |   |   |- Guid:61391D344900612A77DFC3BA3E354907 BaseClass: NativeClass:/Script/Engine.ExponentialHeightFog Name:ExponentialHeightFog_0 Label:ExponentialHeightFog SpatiallyLoaded:0 Bounds:IsValid=true, Min=(X=-5600.000 Y=-50.000 Z=-6850.000), Max=(X=-5600.000 Y=-50.000 Z=-6850.000) RuntimeGrid:None EditorOnly:0 RuntimeOnly:0 HLODRelevant:0 FolderPath:Lighting FolderGuid:0BA5F0A04EADB18E70D5B180D08FA34B
 |   |   |- Guid:61FFC2E74349D22BA59002B1E78661E0 BaseClass: NativeClass:/Script/Engine.StaticMeshActor Name:StaticMeshActor_UAID_18C04D42E786A16A01_1212341433 Label:Tambor_de_aceite SpatiallyLoaded:1 Bounds:IsValid=true, Min=(X=3410.880 Y=-4126.991 Z=24.228), Max=(X=3544.862 Y=-3993.009 Z=215.083) RuntimeGrid:None EditorOnly:0 RuntimeOnly:0 HLODRelevant:1
 |   |   |- Guid:640C49424CED045D80B8ADA4DBA2C8D3 BaseClass: NativeClass:/Script/Engine.StaticMeshActor Name:StaticMeshActor_UAID_50EBF658E098906C01_1267313552 Label:Tambor_de_aceite3 SpatiallyLoaded:1 Bounds:IsValid=true, Min=(X=2210.880 Y=-2366.991 Z=24.228), Max=(X=2344.862 Y=-2233.009 Z=215.083) RuntimeGrid:None EditorOnly:0 RuntimeOnly:0 HLODRelevant:1
 |   |   |- Guid:6EE44DE741CB6C661762BA9E5D6C7883 BaseClass:/Game/VigilanteContent/Vehicles/West_Truck_M923/BP_West_Truck_M923_Showcase.BP_West_Truck_M923_Showcase_C NativeClass:/Script/Engine.Actor Name:BP_West_Truck_M923_Showcase_C_UAID_50EBF658E098526A01_1364007527 Label:BP_West_Truck_M923_Showcase SpatiallyLoaded:1 Bounds:IsValid=true, Min=(X=-3081.332 Y=-4289.681 Z=-780.408), Max=(X=-566.691 Y=-1652.345 Z=1705.599) RuntimeGrid:None EditorOnly:0 RuntimeOnly:0 HLODRelevant:0 FolderPath:Vehiculos FolderGuid:B535F7F34DD61E5EB8E3CF8FAF698CE8
 |   |   |- Guid:6F0EE44B418B3B62AA5ACD81DA42484C BaseClass: NativeClass:/Script/Engine.StaticMeshActor Name:StaticMeshActor_UAID_50EBF658E0985F6A01_2033416827 Label:WH SpatiallyLoaded:1 Bounds:IsValid=true, Min=(X=1356.677 Y=-4672.102 Z=19.322), Max=(X=3957.069 Y=-1228.067 Z=1434.987) RuntimeGrid:None EditorOnly:0 RuntimeOnly:0 HLODRelevant:1
 |   |   |- Guid:6FEFB3BD4EB37B849EF0D4AC80F83855 BaseClass: NativeClass:/Script/Engine.WorldDataLayers Name:WorldDataLayers Label:None SpatiallyLoaded:0 Bounds:IsValid=true, Min=(X=0.000 Y=0.000 Z=0.000), Max=(X=0.000 Y=0.000 Z=0.000) RuntimeGrid:None EditorOnly:0 RuntimeOnly:0 HLODRelevant:0
 |   |   |- Guid:70836CB64A96B59185D3FDBC958D9FCA BaseClass:/Game/VigilanteContent/Vehicles/West_Truck_M923/BP_West_Truck_M923_Showcase.BP_West_Truck_M923_Showcase_C NativeClass:/Script/Engine.Actor Name:BP_West_Truck_M923_Showcase_C_UAID_50EBF658E098546A01_2057345879 Label:BP_West_Truck_M923_Showcase2 SpatiallyLoaded:1 Bounds:IsValid=true, Min=(X=-3625.025 Y=-4318.468 Z=-604.697), Max=(X=-1241.107 Y=-1677.086 Z=1558.777) RuntimeGrid:None EditorOnly:0 RuntimeOnly:0 HLODRelevant:0 FolderPath:Vehiculos FolderGuid:B535F7F34DD61E5EB8E3CF8FAF698CE8
 |   |   |- Guid:714AEFF943940D29CBA5669D5BFD17D8 BaseClass: NativeClass:/Script/Engine.StaticMeshActor Name:StaticMeshActor_UAID_50EBF658E098926C01_1219707911 Label:pCube2 SpatiallyLoaded:1 Bounds:IsValid=true, Min=(X=-1165.000 Y=-1090.000 Z=19.894), Max=(X=-1015.000 Y=-990.000 Z=69.894) RuntimeGrid:None EditorOnly:0 RuntimeOnly:0 HLODRelevant:1
 |   |   |- Guid:76B8FB90480F709F07D55CAEC25CAB06 BaseClass: NativeClass:/Script/Engine.StaticMeshActor Name:StaticMeshActor_UAID_50EBF658E098926C01_1220877913 Label:pCube3 SpatiallyLoaded:1 Bounds:IsValid=true, Min=(X=-375.000 Y=-1100.000 Z=19.894), Max=(X=-225.000 Y=-1000.000 Z=69.894) RuntimeGrid:None EditorOnly:0 RuntimeOnly:0 HLODRelevant:1
 |   |   |- Guid:78CAF7514C7533F30BD2F19A017AAB65 BaseClass: NativeClass:/Script/Engine.StaticMeshActor Name:StaticMeshActor_0 Label:SM_Cube SpatiallyLoaded:1 Bounds:IsValid=true, Min=(X=0.000 Y=0.000 Z=-160.000), Max=(X=3000.000 Y=3500.000 Z=-110.000) RuntimeGrid:None EditorOnly:0 RuntimeOnly:0 HLODRelevant:1 FolderPath:Playground FolderGuid:6C02BB504B69D1F3D7A624B130C18E5B
 |   |   |- Guid:7BDDA1C24403DCC196DAAAAF62A8BD49 BaseClass: NativeClass:/Script/Landscape.LandscapeStreamingProxy Name:LandscapeStreamingProxy_C87Q4TYUYZVUU4KJ25F9SSP4X_1_1_0_0 Label:LandscapeStreamingProxy_1_0_0 SpatiallyLoaded:1 Bounds:IsValid=true, Min=(X=-4670.000 Y=-10720.000 Z=20.000), Max=(X=1530.000 Y=-4520.000 Z=3856.719) RuntimeGrid:None EditorOnly:0 RuntimeOnly:0 HLODRelevant:1
 |   |   |- Guid:7CB473B649B3DA4A6793C3B4325F60EC BaseClass: NativeClass:/Script/Engine.StaticMeshActor Name:StaticMeshActor_UAID_50EBF658E0985C6A01_2052669287 Label:S_Tarped_Crate_vh3lbfy_lod3_Var2 SpatiallyLoaded:1 Bounds:IsValid=true, Min=(X=1838.433 Y=-3273.034 Z=16.301), Max=(X=1921.626 Y=-3206.858 Z=92.760) RuntimeGrid:None EditorOnly:0 RuntimeOnly:0 HLODRelevant:1
 |   |   |- Guid:805438744B494562B5FCB693457BB9C7 BaseClass: NativeClass:/Script/Engine.StaticMeshActor Name:StaticMeshActor_UAID_50EBF658E098926C01_1219705910 Label:madera2 SpatiallyLoaded:1 Bounds:IsValid=true, Min=(X=-1165.000 Y=-1090.000 Z=66.821), Max=(X=-1015.000 Y=-990.000 Z=95.033) RuntimeGrid:None EditorOnly:0 RuntimeOnly:0 HLODRelevant:1 Parent:714AEFF943940D29CBA5669D5BFD17D8
 |   |   |- Guid:88C97C0C4F8A6DB406809297A9D7ECFF BaseClass: NativeClass:/Script/Engine.StaticMeshActor Name:StaticMeshActor_UAID_50EBF658E098546A01_1302295880 Label:Hangar SpatiallyLoaded:1 Bounds:IsValid=true, Min=(X=-4530.407 Y=-3710.566 Z=-0.000), Max=(X=-3029.593 Y=-1110.566 Z=750.407) RuntimeGrid:None EditorOnly:0 RuntimeOnly:0 HLODRelevant:1 FolderPath:Edificios FolderGuid:1F3655F04A4EE52B07C19199A448B90C
 |   |   |- Guid:8E2C158445CA9981A0AD62A78DFF595B BaseClass: NativeClass:/Script/Foliage.InstancedFoliageActor Name:InstancedFoliageActor_UAID_18C04D42E7869B6A01_1580710375 Label:InstancedFoliageActor SpatiallyLoaded:1 Bounds:IsValid=true, Min=(X=-0.500 Y=-0.500 Z=-0.500), Max=(X=0.500 Y=0.500 Z=0.500) RuntimeGrid:None EditorOnly:0 RuntimeOnly:0 HLODRelevant:0
 |   |   |- Guid:8E7482854F2259B2D218F684ACBBC750 BaseClass: NativeClass:/Script/Landscape.LandscapeStreamingProxy Name:LandscapeStreamingProxy_C87Q4TYUYZVUU4KJ25F9SSP4X_1_1_2_0 Label:LandscapeStreamingProxy_1_2_0 SpatiallyLoaded:1 Bounds:IsValid=true, Min=(X=-4670.000 Y=1680.000 Z=20.000), Max=(X=1530.000 Y=7880.000 Z=20.000) RuntimeGrid:None EditorOnly:0 RuntimeOnly:0 HLODRelevant:1
 |   |   |- Guid:8FC59F70409AF8C2C72661A2400CC59A BaseClass: NativeClass:/Script/Engine.StaticMeshActor Name:StaticMeshActor_UAID_50EBF658E098926C01_1223171915 Label:pCube4 SpatiallyLoaded:1 Bounds:IsValid=true, Min=(X=-215.000 Y=-1100.000 Z=19.894), Max=(X=-65.000 Y=-1000.000 Z=69.894) RuntimeGrid:None EditorOnly:0 RuntimeOnly:0 HLODRelevant:1
 |   |   |- Guid:91A08C4D4826C8358DAA9D81237DA40D BaseClass:/Game/VigilanteContent/Vehicles/West_Truck_M923/BP_West_Truck_M923_Showcase.BP_West_Truck_M923_Showcase_C NativeClass:/Script/Engine.Actor Name:BP_West_Truck_M923_Showcase_C_UAID_50EBF658E098546A01_2062120881 Label:BP_West_Truck_M923_Showcase4 SpatiallyLoaded:1 Bounds:IsValid=true, Min=(X=-3065.395 Y=-3067.379 Z=-377.469), Max=(X=-586.525 Y=-374.504 Z=1843.659) RuntimeGrid:None EditorOnly:0 RuntimeOnly:0 HLODRelevant:0 FolderPath:Vehiculos FolderGuid:B535F7F34DD61E5EB8E3CF8FAF698CE8
 |   |   |- Guid:9ECF841D406B4E5BC6F35FA620595ADA BaseClass: NativeClass:/Script/Foliage.InstancedFoliageActor Name:InstancedFoliageActor_25600_-1_0_0 Label:InstancedFoliageActor_-1_0_0 SpatiallyLoaded:1 Bounds:IsValid=true, Min=(X=-25600.000 Y=0.000 Z=0.000), Max=(X=0.000 Y=25600.000 Z=25600.000) RuntimeGrid:None EditorOnly:0 RuntimeOnly:0 HLODRelevant:1
 |   |   |- Guid:A354B1B24E617A525DC6B48CCDE2417E BaseClass: NativeClass:/Script/Engine.PlayerStart Name:PlayerStart_0 Label:PlayerStart SpatiallyLoaded:0 Bounds:IsValid=true, Min=(X=860.000 Y=810.000 Z=120.013), Max=(X=940.000 Y=890.000 Z=304.013) RuntimeGrid:None EditorOnly:0 RuntimeOnly:0 HLODRelevant:0
 |   |   |- Guid:A42435344148526DFB9735836C574C9E BaseClass: NativeClass:/Script/Landscape.LandscapeStreamingProxy Name:LandscapeStreamingProxy_C87Q4TYUYZVUU4KJ25F9SSP4X_1_3_2_0 Label:LandscapeStreamingProxy_3_2_0 SpatiallyLoaded:1 Bounds:IsValid=true, Min=(X=7730.000 Y=1680.000 Z=20.000), Max=(X=13930.000 Y=7880.000 Z=5779.375) RuntimeGrid:None EditorOnly:0 RuntimeOnly:0 HLODRelevant:1
 |   |   |- Guid:A514553F427D6B146FD3C79DAD144DB6 BaseClass: NativeClass:/Script/Engine.StaticMeshActor Name:StaticMeshActor_UAID_50EBF658E098546A01_1378277881 Label:Hangar SpatiallyLoaded:1 Bounds:IsValid=true, Min=(X=-1490.407 Y=-3700.566 Z=-0.000), Max=(X=10.407 Y=-1100.566 Z=750.407) RuntimeGrid:None EditorOnly:0 RuntimeOnly:0 HLODRelevant:1 FolderPath:Edificios FolderGuid:1F3655F04A4EE52B07C19199A448B90C
 |   |   |- Guid:A7527ACC4847BE9A4677CC8576ADCCBE BaseClass: NativeClass:/Script/Engine.StaticMeshActor Name:StaticMeshActor_UAID_50EBF658E0985C6A01_2059722289 Label:S_Tarped_Crate_vh3lbfy_lod3_Var4 SpatiallyLoaded:1 Bounds:IsValid=true, Min=(X=1526.866 Y=-4316.068 Z=12.601), Max=(X=1693.251 Y=-4183.716 Z=165.519) RuntimeGrid:None EditorOnly:0 RuntimeOnly:0 HLODRelevant:1
 |   |   |- Guid:AAC8BB07460F6A85F1F1BDB539DF326E BaseClass:/Game/VigilanteContent/Vehicles/West_Truck_M923/BP_West_Truck_M923_Showcase.BP_West_Truck_M923_Showcase_C NativeClass:/Script/Engine.Actor Name:BP_West_Truck_M923_Showcase_C_UAID_50EBF658E098546A01_2059371880 Label:BP_West_Truck_M923_Showcase3 SpatiallyLoaded:1 Bounds:IsValid=true, Min=(X=-3822.695 Y=-3012.895 Z=-532.513), Max=(X=-1494.876 Y=-685.076 Z=1795.306) RuntimeGrid:None EditorOnly:0 RuntimeOnly:0 HLODRelevant:0 FolderPath:Vehiculos FolderGuid:B535F7F34DD61E5EB8E3CF8FAF698CE8
 |   |   |- Guid:B5DD84834350A10D892583A5F38E36B1 BaseClass: NativeClass:/Script/Landscape.LandscapeStreamingProxy Name:LandscapeStreamingProxy_C87Q4TYUYZVUU4KJ25F9SSP4X_1_0_1_0 Label:LandscapeStreamingProxy_0_1_0 SpatiallyLoaded:1 Bounds:IsValid=true, Min=(X=-10870.000 Y=-4520.000 Z=20.000), Max=(X=-4670.000 Y=1680.000 Z=4779.375) RuntimeGrid:None EditorOnly:0 RuntimeOnly:0 HLODRelevant:1
 |   |   |- Guid:B6149FAA412907F1AE7EB4A4DEB6D1AA BaseClass: NativeClass:/Script/Engine.StaticMeshActor Name:StaticMeshActor_UAID_50EBF658E0985E6A01_1135134647 Label:S_Sandbag_Barrier_udtvadqfa_lod3_Var3 SpatiallyLoaded:1 Bounds:IsValid=true, Min=(X=3385.921 Y=-1275.482 Z=16.025), Max=(X=3896.586 Y=-826.449 Z=194.892) RuntimeGrid:None EditorOnly:0 RuntimeOnly:0 HLODRelevant:1
 |   |   |- Guid:BADFACB74A5D2FCF6FB164B3C9E81555 BaseClass: NativeClass:/Script/Landscape.LandscapeStreamingProxy Name:LandscapeStreamingProxy_C87Q4TYUYZVUU4KJ25F9SSP4X_1_0_0_0 Label:LandscapeStreamingProxy_0_0_0 SpatiallyLoaded:1 Bounds:IsValid=true, Min=(X=-10870.000 Y=-10720.000 Z=20.000), Max=(X=-4670.000 Y=-4520.000 Z=4471.562) RuntimeGrid:None EditorOnly:0 RuntimeOnly:0 HLODRelevant:1
 |   |   |- Guid:C027D04A48E23BEBC3DB18A375C8FEC7 BaseClass: NativeClass:/Script/Engine.StaticMeshActor Name:StaticMeshActor_UAID_50EBF658E098626A01_1786902343 Label:S_Sandbag_Barrier_udtvadqfa_lod3_Var4 SpatiallyLoaded:1 Bounds:IsValid=true, Min=(X=1785.921 Y=-1245.482 Z=16.025), Max=(X=2296.586 Y=-796.449 Z=194.892) RuntimeGrid:None EditorOnly:0 RuntimeOnly:0 HLODRelevant:1
 |   |   |- Guid:C0C56B9644AE3D40CAFF6A878DB29844 BaseClass: NativeClass:/Script/Engine.StaticMeshActor Name:StaticMeshActor_UAID_A4AE111137DC5EFB00_2001720423 Label:SM_SkySphere SpatiallyLoaded:1 Bounds:IsValid=true, Min=(X=-1638400.000 Y=-1638400.000 Z=-1638400.000), Max=(X=1638400.000 Y=1638400.000 Z=1638400.000) RuntimeGrid:None EditorOnly:0 RuntimeOnly:0 HLODRelevant:1 FolderPath:Lighting FolderGuid:0BA5F0A04EADB18E70D5B180D08FA34B
 |   |   |- Guid:C22CE07C4B87D685137FDBBC10FC92C6 BaseClass: NativeClass:/Script/Engine.SkyAtmosphere Name:SkyAtmosphere_0 Label:SkyAtmosphere SpatiallyLoaded:0 Bounds:IsValid=true, Min=(X=0.000 Y=0.000 Z=1020.000), Max=(X=0.000 Y=0.000 Z=1020.000) RuntimeGrid:None EditorOnly:0 RuntimeOnly:0 HLODRelevant:0 FolderPath:Lighting FolderGuid:0BA5F0A04EADB18E70D5B180D08FA34B
 |   |   |- Guid:C41B8F0D4CABF5F7807C1491AA8A6C74 BaseClass: NativeClass:/Script/Engine.StaticMeshActor Name:StaticMeshActor_UAID_50EBF658E098926C01_1107973908 Label:pCube1 SpatiallyLoaded:1 Bounds:IsValid=true, Min=(X=-1405.000 Y=-1090.000 Z=19.894), Max=(X=-1255.000 Y=-990.000 Z=69.894) RuntimeGrid:None EditorOnly:0 RuntimeOnly:0 HLODRelevant:1
 |   |   |- Guid:C48D147A43C6B4616A5BC7968F5B08FB BaseClass: NativeClass:/Script/Engine.StaticMeshActor Name:StaticMeshActor_UAID_50EBF658E098906C01_1270213554 Label:Tambor_de_aceite5 SpatiallyLoaded:1 Bounds:IsValid=true, Min=(X=3420.880 Y=-1876.991 Z=24.228), Max=(X=3554.862 Y=-1743.009 Z=215.083) RuntimeGrid:None EditorOnly:0 RuntimeOnly:0 HLODRelevant:1
 |   |   |- Guid:CE8D82634660FCDB3120E2B8D547C533 BaseClass: NativeClass:/Script/Engine.PostProcessVolume Name:PostProcessVolume_0 Label:PostProcessVolume SpatiallyLoaded:0 Bounds:IsValid=true, Min=(X=0.000 Y=0.000 Z=400.000), Max=(X=200.000 Y=200.000 Z=600.000) RuntimeGrid:None EditorOnly:0 RuntimeOnly:0 HLODRelevant:0 FolderPath:Lighting FolderGuid:0BA5F0A04EADB18E70D5B180D08FA34B
 |   |   |- Guid:D47054674F509FE756178FAAD656FBA6 BaseClass: NativeClass:/Script/Landscape.LandscapeStreamingProxy Name:LandscapeStreamingProxy_C87Q4TYUYZVUU4KJ25F9SSP4X_1_3_3_0 Label:LandscapeStreamingProxy_3_3_0 SpatiallyLoaded:1 Bounds:IsValid=true, Min=(X=7730.000 Y=7880.000 Z=20.000), Max=(X=13930.000 Y=14080.000 Z=3812.969) RuntimeGrid:None EditorOnly:0 RuntimeOnly:0 HLODRelevant:1
 |   |   |- Guid:E296936A4EDEB39A7EB90491C322A641 BaseClass: NativeClass:/Script/Engine.StaticMeshActor Name:StaticMeshActor_UAID_50EBF658E0985D6A01_1140493468 Label:S_Worn_Metal_Workbench_wbuidixga_lod3_Var3 SpatiallyLoaded:1 Bounds:IsValid=true, Min=(X=2386.710 Y=-3796.025 Z=529.650), Max=(X=2473.088 Y=-3643.994 Z=606.488) RuntimeGrid:None EditorOnly:0 RuntimeOnly:0 HLODRelevant:1
 |   |   |- Guid:E49CF83C4407D2C67491B68B301099D0 BaseClass: NativeClass:/Script/Engine.StaticMeshActor Name:StaticMeshActor_UAID_50EBF658E098646A01_1874917696 Label:S_Tarped_Crate_vh3lbfy_lod3_Var6 SpatiallyLoaded:1 Bounds:IsValid=true, Min=(X=1926.866 Y=-4486.068 Z=12.601), Max=(X=2093.251 Y=-4353.716 Z=165.519) RuntimeGrid:None EditorOnly:0 RuntimeOnly:0 HLODRelevant:1
 |   |   |- Guid:E5320C1B4FD9764CE7B54D8487AEC613 BaseClass: NativeClass:/Script/Engine.SkyLight Name:SkyLight_0 Label:SkyLight SpatiallyLoaded:0 Bounds:IsValid=true, Min=(X=0.000 Y=0.000 Z=690.000), Max=(X=0.000 Y=0.000 Z=690.000) RuntimeGrid:None EditorOnly:0 RuntimeOnly:0 HLODRelevant:0 FolderPath:Lighting FolderGuid:0BA5F0A04EADB18E70D5B180D08FA34B
 |   |   |- Guid:E5F0775045896303ED79DEB574BBFF9F BaseClass: NativeClass:/Script/Engine.StaticMeshActor Name:StaticMeshActor_UAID_18C04D42E786A16A01_1169240432 Label:madera SpatiallyLoaded:1 Bounds:IsValid=true, Min=(X=-1405.000 Y=-1090.000 Z=66.821), Max=(X=-1255.000 Y=-990.000 Z=95.033) RuntimeGrid:None EditorOnly:0 RuntimeOnly:0 HLODRelevant:1 Parent:C41B8F0D4CABF5F7807C1491AA8A6C74
 |   |   |- Guid:E82B1741405B3088C3B8788A8386317E BaseClass: NativeClass:/Script/Engine.StaticMeshActor Name:StaticMeshActor_UAID_50EBF658E098646A01_1872937695 Label:S_Tarped_Crate_vh3lbfy_lod3_Var5 SpatiallyLoaded:1 Bounds:IsValid=true, Min=(X=1886.866 Y=-4166.068 Z=12.601), Max=(X=2053.251 Y=-4033.716 Z=165.519) RuntimeGrid:None EditorOnly:0 RuntimeOnly:0 HLODRelevant:1
 |   |   |- Guid:EC74CDF846C2B088654F778AF98D6B11 BaseClass: NativeClass:/Script/Engine.StaticMeshActor Name:StaticMeshActor_UAID_50EBF658E098906C01_1271480555 Label:Tambor_de_aceite6 SpatiallyLoaded:1 Bounds:IsValid=true, Min=(X=1570.880 Y=-3346.991 Z=24.228), Max=(X=1704.862 Y=-3213.009 Z=215.083) RuntimeGrid:None EditorOnly:0 RuntimeOnly:0 HLODRelevant:1
 |   |   |- Guid:EE66F4454A4A9F99393F559AB739C05E BaseClass:/Game/FirstPerson/Blueprints/BP_Rifle.BP_Rifle_C NativeClass:/Script/Engine.Actor Name:BP_Rifle_C_1 Label:BP_Rifle SpatiallyLoaded:1 Bounds:IsValid=true, Min=(X=1989.116 Y=-3827.529 Z=565.039), Max=(X=2078.556 Y=-3763.529 Z=629.039) RuntimeGrid:None EditorOnly:0 RuntimeOnly:0 HLODRelevant:0
 |   |   |- Guid:F80621C9446867154938FE81375207DA BaseClass: NativeClass:/Script/Engine.DirectionalLight Name:DirectionalLight_1 Label:DirectionalLight SpatiallyLoaded:0 Bounds:IsValid=true, Min=(X=-1048576.000 Y=-1048576.000 Z=-1048576.000), Max=(X=1048576.000 Y=1048576.000 Z=1048576.000) RuntimeGrid:None EditorOnly:0 RuntimeOnly:0 HLODRelevant:0 FolderPath:Lighting FolderGuid:0BA5F0A04EADB18E70D5B180D08FA34B
 |   |   |- Guid:FAE93BE94441635CF9BA35B2AD9FD53C BaseClass: NativeClass:/Script/Engine.StaticMeshActor Name:StaticMeshActor_UAID_50EBF658E098646A01_1887690697 Label:S_Tarped_Crate_vh3lbfy_lod3_Var7 SpatiallyLoaded:1 Bounds:IsValid=true, Min=(X=1688.433 Y=-3673.034 Z=16.301), Max=(X=1771.626 Y=-3606.858 Z=92.760) RuntimeGrid:None EditorOnly:0 RuntimeOnly:0 HLODRelevant:1
 |   |   |- Guid:FEEEFBBD4860CF053BE1F4B76FBBD315 BaseClass: NativeClass:/Script/Engine.StaticMeshActor Name:StaticMeshActor_UAID_50EBF658E098906C01_1265904551 Label:Tambor_de_aceite2 SpatiallyLoaded:1 Bounds:IsValid=true, Min=(X=1750.880 Y=-2036.991 Z=24.228), Max=(X=1884.862 Y=-1903.009 Z=215.083) RuntimeGrid:None EditorOnly:0 RuntimeOnly:0 HLODRelevant:1
 |   |- [+] Clusters:
 |   |   |- [+] [  0]
 |   |   |   |- Guid:61391D344900612A77DFC3BA3E354907 BaseClass: NativeClass:/Script/Engine.ExponentialHeightFog Name:ExponentialHeightFog_0 Label:ExponentialHeightFog SpatiallyLoaded:0 Bounds:IsValid=true, Min=(X=-5600.000 Y=-50.000 Z=-6850.000), Max=(X=-5600.000 Y=-50.000 Z=-6850.000) RuntimeGrid:None EditorOnly:0 RuntimeOnly:0 HLODRelevant:0 FolderPath:Lighting FolderGuid:0BA5F0A04EADB18E70D5B180D08FA34B
 |   |   |- [+] [  1]
 |   |   |   |- Guid:5FE7584649BB6F09265329A6C57CFD0D BaseClass: NativeClass:/Script/Engine.VolumetricCloud Name:VolumetricCloud_0 Label:VolumetricCloud SpatiallyLoaded:0 Bounds:IsValid=true, Min=(X=0.000 Y=0.000 Z=820.000), Max=(X=0.000 Y=0.000 Z=820.000) RuntimeGrid:None EditorOnly:0 RuntimeOnly:0 HLODRelevant:0 FolderPath:Lighting FolderGuid:0BA5F0A04EADB18E70D5B180D08FA34B
 |   |   |- [+] [  2]
 |   |   |   |- Guid:8E2C158445CA9981A0AD62A78DFF595B BaseClass: NativeClass:/Script/Foliage.InstancedFoliageActor Name:InstancedFoliageActor_UAID_18C04D42E7869B6A01_1580710375 Label:InstancedFoliageActor SpatiallyLoaded:1 Bounds:IsValid=true, Min=(X=-0.500 Y=-0.500 Z=-0.500), Max=(X=0.500 Y=0.500 Z=0.500) RuntimeGrid:None EditorOnly:0 RuntimeOnly:0 HLODRelevant:0
 |   |   |- [+] [  3]
 |   |   |   |- Guid:F80621C9446867154938FE81375207DA BaseClass: NativeClass:/Script/Engine.DirectionalLight Name:DirectionalLight_1 Label:DirectionalLight SpatiallyLoaded:0 Bounds:IsValid=true, Min=(X=-1048576.000 Y=-1048576.000 Z=-1048576.000), Max=(X=1048576.000 Y=1048576.000 Z=1048576.000) RuntimeGrid:None EditorOnly:0 RuntimeOnly:0 HLODRelevant:0 FolderPath:Lighting FolderGuid:0BA5F0A04EADB18E70D5B180D08FA34B
 |   |   |- [+] [  4]
 |   |   |   |- Guid:7BDDA1C24403DCC196DAAAAF62A8BD49 BaseClass: NativeClass:/Script/Landscape.LandscapeStreamingProxy Name:LandscapeStreamingProxy_C87Q4TYUYZVUU4KJ25F9SSP4X_1_1_0_0 Label:LandscapeStreamingProxy_1_0_0 SpatiallyLoaded:1 Bounds:IsValid=true, Min=(X=-4670.000 Y=-10720.000 Z=20.000), Max=(X=1530.000 Y=-4520.000 Z=3856.719) RuntimeGrid:None EditorOnly:0 RuntimeOnly:0 HLODRelevant:1
 |   |   |- [+] [  5]
 |   |   |   |- Guid:B5DD84834350A10D892583A5F38E36B1 BaseClass: NativeClass:/Script/Landscape.LandscapeStreamingProxy Name:LandscapeStreamingProxy_C87Q4TYUYZVUU4KJ25F9SSP4X_1_0_1_0 Label:LandscapeStreamingProxy_0_1_0 SpatiallyLoaded:1 Bounds:IsValid=true, Min=(X=-10870.000 Y=-4520.000 Z=20.000), Max=(X=-4670.000 Y=1680.000 Z=4779.375) RuntimeGrid:None EditorOnly:0 RuntimeOnly:0 HLODRelevant:1
 |   |   |- [+] [  6]
 |   |   |   |- Guid:A42435344148526DFB9735836C574C9E BaseClass: NativeClass:/Script/Landscape.LandscapeStreamingProxy Name:LandscapeStreamingProxy_C87Q4TYUYZVUU4KJ25F9SSP4X_1_3_2_0 Label:LandscapeStreamingProxy_3_2_0 SpatiallyLoaded:1 Bounds:IsValid=true, Min=(X=7730.000 Y=1680.000 Z=20.000), Max=(X=13930.000 Y=7880.000 Z=5779.375) RuntimeGrid:None EditorOnly:0 RuntimeOnly:0 HLODRelevant:1
 |   |   |- [+] [  7]
 |   |   |   |- Guid:8E7482854F2259B2D218F684ACBBC750 BaseClass: NativeClass:/Script/Landscape.LandscapeStreamingProxy Name:LandscapeStreamingProxy_C87Q4TYUYZVUU4KJ25F9SSP4X_1_1_2_0 Label:LandscapeStreamingProxy_1_2_0 SpatiallyLoaded:1 Bounds:IsValid=true, Min=(X=-4670.000 Y=1680.000 Z=20.000), Max=(X=1530.000 Y=7880.000 Z=20.000) RuntimeGrid:None EditorOnly:0 RuntimeOnly:0 HLODRelevant:1
 |   |   |- [+] [  8]
 |   |   |   |- Guid:A514553F427D6B146FD3C79DAD144DB6 BaseClass: NativeClass:/Script/Engine.StaticMeshActor Name:StaticMeshActor_UAID_50EBF658E098546A01_1378277881 Label:Hangar SpatiallyLoaded:1 Bounds:IsValid=true, Min=(X=-1490.407 Y=-3700.566 Z=-0.000), Max=(X=10.407 Y=-1100.566 Z=750.407) RuntimeGrid:None EditorOnly:0 RuntimeOnly:0 HLODRelevant:1 FolderPath:Edificios FolderGuid:1F3655F04A4EE52B07C19199A448B90C
 |   |   |- [+] [  9]
 |   |   |   |- Guid:9ECF841D406B4E5BC6F35FA620595ADA BaseClass: NativeClass:/Script/Foliage.InstancedFoliageActor Name:InstancedFoliageActor_25600_-1_0_0 Label:InstancedFoliageActor_-1_0_0 SpatiallyLoaded:1 Bounds:IsValid=true, Min=(X=-25600.000 Y=0.000 Z=0.000), Max=(X=0.000 Y=25600.000 Z=25600.000) RuntimeGrid:None EditorOnly:0 RuntimeOnly:0 HLODRelevant:1
 |   |   |- [+] [ 10]
 |   |   |   |- Guid:3243628040409B6BE2584EBDF720D103 BaseClass: NativeClass:/Script/Landscape.LandscapeStreamingProxy Name:LandscapeStreamingProxy_C87Q4TYUYZVUU4KJ25F9SSP4X_1_1_1_0 Label:LandscapeStreamingProxy_1_1_0 SpatiallyLoaded:1 Bounds:IsValid=true, Min=(X=-4670.000 Y=-4520.000 Z=20.000), Max=(X=1530.000 Y=1680.000 Z=20.000) RuntimeGrid:None EditorOnly:0 RuntimeOnly:0 HLODRelevant:1
 |   |   |- [+] [ 11]
 |   |   |   |- Guid:88C97C0C4F8A6DB406809297A9D7ECFF BaseClass: NativeClass:/Script/Engine.StaticMeshActor Name:StaticMeshActor_UAID_50EBF658E098546A01_1302295880 Label:Hangar SpatiallyLoaded:1 Bounds:IsValid=true, Min=(X=-4530.407 Y=-3710.566 Z=-0.000), Max=(X=-3029.593 Y=-1110.566 Z=750.407) RuntimeGrid:None EditorOnly:0 RuntimeOnly:0 HLODRelevant:1 FolderPath:Edificios FolderGuid:1F3655F04A4EE52B07C19199A448B90C
 |   |   |- [+] [ 12]
 |   |   |   |- Guid:1ECD777F417E1479CD8A77B66A82055B BaseClass: NativeClass:/Script/Landscape.LandscapeStreamingProxy Name:LandscapeStreamingProxy_C87Q4TYUYZVUU4KJ25F9SSP4X_1_3_0_0 Label:LandscapeStreamingProxy_3_0_0 SpatiallyLoaded:1 Bounds:IsValid=true, Min=(X=7730.000 Y=-10720.000 Z=20.000), Max=(X=13930.000 Y=-4520.000 Z=4856.719) RuntimeGrid:None EditorOnly:0 RuntimeOnly:0 HLODRelevant:1
 |   |   |- [+] [ 13]
 |   |   |   |- Guid:E82B1741405B3088C3B8788A8386317E BaseClass: NativeClass:/Script/Engine.StaticMeshActor Name:StaticMeshActor_UAID_50EBF658E098646A01_1872937695 Label:S_Tarped_Crate_vh3lbfy_lod3_Var5 SpatiallyLoaded:1 Bounds:IsValid=true, Min=(X=1886.866 Y=-4166.068 Z=12.601), Max=(X=2053.251 Y=-4033.716 Z=165.519) RuntimeGrid:None EditorOnly:0 RuntimeOnly:0 HLODRelevant:1
 |   |   |- [+] [ 14]
 |   |   |   |- Guid:6EE44DE741CB6C661762BA9E5D6C7883 BaseClass:/Game/VigilanteContent/Vehicles/West_Truck_M923/BP_West_Truck_M923_Showcase.BP_West_Truck_M923_Showcase_C NativeClass:/Script/Engine.Actor Name:BP_West_Truck_M923_Showcase_C_UAID_50EBF658E098526A01_1364007527 Label:BP_West_Truck_M923_Showcase SpatiallyLoaded:1 Bounds:IsValid=true, Min=(X=-3081.332 Y=-4289.681 Z=-780.408), Max=(X=-566.691 Y=-1652.345 Z=1705.599) RuntimeGrid:None EditorOnly:0 RuntimeOnly:0 HLODRelevant:0 FolderPath:Vehiculos FolderGuid:B535F7F34DD61E5EB8E3CF8FAF698CE8
 |   |   |- [+] [ 15]
 |   |   |   |- Guid:91A08C4D4826C8358DAA9D81237DA40D BaseClass:/Game/VigilanteContent/Vehicles/West_Truck_M923/BP_West_Truck_M923_Showcase.BP_West_Truck_M923_Showcase_C NativeClass:/Script/Engine.Actor Name:BP_West_Truck_M923_Showcase_C_UAID_50EBF658E098546A01_2062120881 Label:BP_West_Truck_M923_Showcase4 SpatiallyLoaded:1 Bounds:IsValid=true, Min=(X=-3065.395 Y=-3067.379 Z=-377.469), Max=(X=-586.525 Y=-374.504 Z=1843.659) RuntimeGrid:None EditorOnly:0 RuntimeOnly:0 HLODRelevant:0 FolderPath:Vehiculos FolderGuid:B535F7F34DD61E5EB8E3CF8FAF698CE8
 |   |   |- [+] [ 16]
 |   |   |   |- Guid:B6149FAA412907F1AE7EB4A4DEB6D1AA BaseClass: NativeClass:/Script/Engine.StaticMeshActor Name:StaticMeshActor_UAID_50EBF658E0985E6A01_1135134647 Label:S_Sandbag_Barrier_udtvadqfa_lod3_Var3 SpatiallyLoaded:1 Bounds:IsValid=true, Min=(X=3385.921 Y=-1275.482 Z=16.025), Max=(X=3896.586 Y=-826.449 Z=194.892) RuntimeGrid:None EditorOnly:0 RuntimeOnly:0 HLODRelevant:1
 |   |   |- [+] [ 17]
 |   |   |   |- Guid:4F852C7645EB17B7CDD63FAD5A3A900E BaseClass: NativeClass:/Script/Landscape.LandscapeStreamingProxy Name:LandscapeStreamingProxy_C87Q4TYUYZVUU4KJ25F9SSP4X_1_2_2_0 Label:LandscapeStreamingProxy_2_2_0 SpatiallyLoaded:1 Bounds:IsValid=true, Min=(X=1530.000 Y=1680.000 Z=20.000), Max=(X=7730.000 Y=7880.000 Z=20.000) RuntimeGrid:None EditorOnly:0 RuntimeOnly:0 HLODRelevant:1
 |   |   |- [+] [ 18]
 |   |   |   |- Guid:EE66F4454A4A9F99393F559AB739C05E BaseClass:/Game/FirstPerson/Blueprints/BP_Rifle.BP_Rifle_C NativeClass:/Script/Engine.Actor Name:BP_Rifle_C_1 Label:BP_Rifle SpatiallyLoaded:1 Bounds:IsValid=true, Min=(X=1989.116 Y=-3827.529 Z=565.039), Max=(X=2078.556 Y=-3763.529 Z=629.039) RuntimeGrid:None EditorOnly:0 RuntimeOnly:0 HLODRelevant:0
 |   |   |- [+] [ 19]
 |   |   |   |- Guid:1A57ABC14F7EFA8E57D14A8A00D6A146 BaseClass: NativeClass:/Script/Foliage.InstancedFoliageActor Name:InstancedFoliageActor_25600_-1_-1_0 Label:InstancedFoliageActor_-1_-1_0 SpatiallyLoaded:1 Bounds:IsValid=true, Min=(X=-25600.000 Y=-25600.000 Z=0.000), Max=(X=0.000 Y=0.000 Z=25600.000) RuntimeGrid:None EditorOnly:0 RuntimeOnly:0 HLODRelevant:1
 |   |   |- [+] [ 20]
 |   |   |   |- Guid:BADFACB74A5D2FCF6FB164B3C9E81555 BaseClass: NativeClass:/Script/Landscape.LandscapeStreamingProxy Name:LandscapeStreamingProxy_C87Q4TYUYZVUU4KJ25F9SSP4X_1_0_0_0 Label:LandscapeStreamingProxy_0_0_0 SpatiallyLoaded:1 Bounds:IsValid=true, Min=(X=-10870.000 Y=-10720.000 Z=20.000), Max=(X=-4670.000 Y=-4520.000 Z=4471.562) RuntimeGrid:None EditorOnly:0 RuntimeOnly:0 HLODRelevant:1
 |   |   |- [+] [ 21]
 |   |   |   |- Guid:586756EC4B5FAA25D44DAF810BA0365E BaseClass: NativeClass:/Script/Engine.StaticMeshActor Name:StaticMeshActor_UAID_50EBF658E0985D6A01_1104099466 Label:S_Worn_Metal_Workbench_wbuidixga_lod3_Var2 SpatiallyLoaded:1 Bounds:IsValid=true, Min=(X=2356.710 Y=-4126.025 Z=529.650), Max=(X=2443.088 Y=-3973.994 Z=606.488) RuntimeGrid:None EditorOnly:0 RuntimeOnly:0 HLODRelevant:1
 |   |   |- [+] [ 22]
 |   |   |   |- Guid:E5320C1B4FD9764CE7B54D8487AEC613 BaseClass: NativeClass:/Script/Engine.SkyLight Name:SkyLight_0 Label:SkyLight SpatiallyLoaded:0 Bounds:IsValid=true, Min=(X=0.000 Y=0.000 Z=690.000), Max=(X=0.000 Y=0.000 Z=690.000) RuntimeGrid:None EditorOnly:0 RuntimeOnly:0 HLODRelevant:0 FolderPath:Lighting FolderGuid:0BA5F0A04EADB18E70D5B180D08FA34B
 |   |   |- [+] [ 23]
 |   |   |   |- Guid:7CB473B649B3DA4A6793C3B4325F60EC BaseClass: NativeClass:/Script/Engine.StaticMeshActor Name:StaticMeshActor_UAID_50EBF658E0985C6A01_2052669287 Label:S_Tarped_Crate_vh3lbfy_lod3_Var2 SpatiallyLoaded:1 Bounds:IsValid=true, Min=(X=1838.433 Y=-3273.034 Z=16.301), Max=(X=1921.626 Y=-3206.858 Z=92.760) RuntimeGrid:None EditorOnly:0 RuntimeOnly:0 HLODRelevant:1
 |   |   |- [+] [ 24]
 |   |   |   |- Guid:AAC8BB07460F6A85F1F1BDB539DF326E BaseClass:/Game/VigilanteContent/Vehicles/West_Truck_M923/BP_West_Truck_M923_Showcase.BP_West_Truck_M923_Showcase_C NativeClass:/Script/Engine.Actor Name:BP_West_Truck_M923_Showcase_C_UAID_50EBF658E098546A01_2059371880 Label:BP_West_Truck_M923_Showcase3 SpatiallyLoaded:1 Bounds:IsValid=true, Min=(X=-3822.695 Y=-3012.895 Z=-532.513), Max=(X=-1494.876 Y=-685.076 Z=1795.306) RuntimeGrid:None EditorOnly:0 RuntimeOnly:0 HLODRelevant:0 FolderPath:Vehiculos FolderGuid:B535F7F34DD61E5EB8E3CF8FAF698CE8
 |   |   |- [+] [ 25]
 |   |   |   |- Guid:78CAF7514C7533F30BD2F19A017AAB65 BaseClass: NativeClass:/Script/Engine.StaticMeshActor Name:StaticMeshActor_0 Label:SM_Cube SpatiallyLoaded:1 Bounds:IsValid=true, Min=(X=0.000 Y=0.000 Z=-160.000), Max=(X=3000.000 Y=3500.000 Z=-110.000) RuntimeGrid:None EditorOnly:0 RuntimeOnly:0 HLODRelevant:1 FolderPath:Playground FolderGuid:6C02BB504B69D1F3D7A624B130C18E5B
 |   |   |- [+] [ 26]
 |   |   |   |- Guid:2C6CEF294291D54AA6462CA462A95CB4 BaseClass: NativeClass:/Script/Landscape.LandscapeStreamingProxy Name:LandscapeStreamingProxy_C87Q4TYUYZVUU4KJ25F9SSP4X_1_2_1_0 Label:LandscapeStreamingProxy_2_1_0 SpatiallyLoaded:1 Bounds:IsValid=true, Min=(X=1530.000 Y=-4520.000 Z=20.000), Max=(X=7730.000 Y=1680.000 Z=123.906) RuntimeGrid:None EditorOnly:0 RuntimeOnly:0 HLODRelevant:1
 |   |   |- [+] [ 27]
 |   |   |   |- Guid:A7527ACC4847BE9A4677CC8576ADCCBE BaseClass: NativeClass:/Script/Engine.StaticMeshActor Name:StaticMeshActor_UAID_50EBF658E0985C6A01_2059722289 Label:S_Tarped_Crate_vh3lbfy_lod3_Var4 SpatiallyLoaded:1 Bounds:IsValid=true, Min=(X=1526.866 Y=-4316.068 Z=12.601), Max=(X=1693.251 Y=-4183.716 Z=165.519) RuntimeGrid:None EditorOnly:0 RuntimeOnly:0 HLODRelevant:1
 |   |   |- [+] [ 28]
 |   |   |   |- Guid:A354B1B24E617A525DC6B48CCDE2417E BaseClass: NativeClass:/Script/Engine.PlayerStart Name:PlayerStart_0 Label:PlayerStart SpatiallyLoaded:0 Bounds:IsValid=true, Min=(X=860.000 Y=810.000 Z=120.013), Max=(X=940.000 Y=890.000 Z=304.013) RuntimeGrid:None EditorOnly:0 RuntimeOnly:0 HLODRelevant:0
 |   |   |- [+] [ 29]
 |   |   |   |- Guid:4D0CE8DD4096923F6080AFBDBCAE1BC4 BaseClass: NativeClass:/Script/Landscape.LandscapeStreamingProxy Name:LandscapeStreamingProxy_C87Q4TYUYZVUU4KJ25F9SSP4X_1_2_0_0 Label:LandscapeStreamingProxy_2_0_0 SpatiallyLoaded:1 Bounds:IsValid=true, Min=(X=1530.000 Y=-10720.000 Z=20.000), Max=(X=7730.000 Y=-4520.000 Z=4080.156) RuntimeGrid:None EditorOnly:0 RuntimeOnly:0 HLODRelevant:1
 |   |   |- [+] [ 30]
 |   |   |   |- Guid:70836CB64A96B59185D3FDBC958D9FCA BaseClass:/Game/VigilanteContent/Vehicles/West_Truck_M923/BP_West_Truck_M923_Showcase.BP_West_Truck_M923_Showcase_C NativeClass:/Script/Engine.Actor Name:BP_West_Truck_M923_Showcase_C_UAID_50EBF658E098546A01_2057345879 Label:BP_West_Truck_M923_Showcase2 SpatiallyLoaded:1 Bounds:IsValid=true, Min=(X=-3625.025 Y=-4318.468 Z=-604.697), Max=(X=-1241.107 Y=-1677.086 Z=1558.777) RuntimeGrid:None EditorOnly:0 RuntimeOnly:0 HLODRelevant:0 FolderPath:Vehiculos FolderGuid:B535F7F34DD61E5EB8E3CF8FAF698CE8
 |   |   |- [+] [ 31]
 |   |   |   |- Guid:296ACFBD4DF4427D4F7738B526BD4EDC BaseClass: NativeClass:/Script/Landscape.LandscapeStreamingProxy Name:LandscapeStreamingProxy_C87Q4TYUYZVUU4KJ25F9SSP4X_1_0_3_0 Label:LandscapeStreamingProxy_0_3_0 SpatiallyLoaded:1 Bounds:IsValid=true, Min=(X=-10870.000 Y=7880.000 Z=20.000), Max=(X=-4670.000 Y=14080.000 Z=3757.500) RuntimeGrid:None EditorOnly:0 RuntimeOnly:0 HLODRelevant:1
 |   |   |- [+] [ 32]
 |   |   |   |- Guid:1E16E3404B1FB1F831380FB993A2E0B0 BaseClass: NativeClass:/Script/Landscape.LandscapeStreamingProxy Name:LandscapeStreamingProxy_C87Q4TYUYZVUU4KJ25F9SSP4X_1_2_3_0 Label:LandscapeStreamingProxy_2_3_0 SpatiallyLoaded:1 Bounds:IsValid=true, Min=(X=1530.000 Y=7880.000 Z=20.000), Max=(X=7730.000 Y=14080.000 Z=3077.812) RuntimeGrid:None EditorOnly:0 RuntimeOnly:0 HLODRelevant:1
 |   |   |- [+] [ 33]
 |   |   |   |- Guid:2680B44B4AE26CB223311B921B8B6AC6 BaseClass: NativeClass:/Script/Landscape.LandscapeStreamingProxy Name:LandscapeStreamingProxy_C87Q4TYUYZVUU4KJ25F9SSP4X_1_3_1_0 Label:LandscapeStreamingProxy_3_1_0 SpatiallyLoaded:1 Bounds:IsValid=true, Min=(X=7730.000 Y=-4520.000 Z=20.000), Max=(X=13930.000 Y=1680.000 Z=5777.812) RuntimeGrid:None EditorOnly:0 RuntimeOnly:0 HLODRelevant:1
 |   |   |- [+] [ 34]
 |   |   |   |- Guid:43CF6BE94EC5E6E01DAE7E906A5BB897 BaseClass: NativeClass:/Script/Landscape.LandscapeStreamingProxy Name:LandscapeStreamingProxy_C87Q4TYUYZVUU4KJ25F9SSP4X_1_0_2_0 Label:LandscapeStreamingProxy_0_2_0 SpatiallyLoaded:1 Bounds:IsValid=true, Min=(X=-10870.000 Y=1680.000 Z=20.000), Max=(X=-4670.000 Y=7880.000 Z=4137.969) RuntimeGrid:None EditorOnly:0 RuntimeOnly:0 HLODRelevant:1
 |   |   |- [+] [ 35]
 |   |   |   |- Guid:12888A68430A4C029C0E08A3D4EA4EC1 BaseClass: NativeClass:/Script/Foliage.InstancedFoliageActor Name:InstancedFoliageActor_25600_0_0_0 Label:InstancedFoliageActor_0_0_0 SpatiallyLoaded:1 Bounds:IsValid=true, Min=(X=0.000 Y=0.000 Z=0.000), Max=(X=25600.000 Y=25600.000 Z=25600.000) RuntimeGrid:None EditorOnly:0 RuntimeOnly:0 HLODRelevant:1
 |   |   |- [+] [ 36]
 |   |   |   |- Guid:E49CF83C4407D2C67491B68B301099D0 BaseClass: NativeClass:/Script/Engine.StaticMeshActor Name:StaticMeshActor_UAID_50EBF658E098646A01_1874917696 Label:S_Tarped_Crate_vh3lbfy_lod3_Var6 SpatiallyLoaded:1 Bounds:IsValid=true, Min=(X=1926.866 Y=-4486.068 Z=12.601), Max=(X=2093.251 Y=-4353.716 Z=165.519) RuntimeGrid:None EditorOnly:0 RuntimeOnly:0 HLODRelevant:1
 |   |   |- [+] [ 37]
 |   |   |   |- Guid:11BDCFF94A1CEE6CD01219BA7F4CA850 BaseClass: NativeClass:/Script/Landscape.LandscapeStreamingProxy Name:LandscapeStreamingProxy_C87Q4TYUYZVUU4KJ25F9SSP4X_1_1_3_0 Label:LandscapeStreamingProxy_1_3_0 SpatiallyLoaded:1 Bounds:IsValid=true, Min=(X=-4670.000 Y=7880.000 Z=20.000), Max=(X=1530.000 Y=14080.000 Z=3819.219) RuntimeGrid:None EditorOnly:0 RuntimeOnly:0 HLODRelevant:1
 |   |   |- [+] [ 38]
 |   |   |   |- Guid:E5F0775045896303ED79DEB574BBFF9F BaseClass: NativeClass:/Script/Engine.StaticMeshActor Name:StaticMeshActor_UAID_18C04D42E786A16A01_1169240432 Label:madera SpatiallyLoaded:1 Bounds:IsValid=true, Min=(X=-1405.000 Y=-1090.000 Z=66.821), Max=(X=-1255.000 Y=-990.000 Z=95.033) RuntimeGrid:None EditorOnly:0 RuntimeOnly:0 HLODRelevant:1 Parent:C41B8F0D4CABF5F7807C1491AA8A6C74
 |   |   |   |- Guid:C41B8F0D4CABF5F7807C1491AA8A6C74 BaseClass: NativeClass:/Script/Engine.StaticMeshActor Name:StaticMeshActor_UAID_50EBF658E098926C01_1107973908 Label:pCube1 SpatiallyLoaded:1 Bounds:IsValid=true, Min=(X=-1405.000 Y=-1090.000 Z=19.894), Max=(X=-1255.000 Y=-990.000 Z=69.894) RuntimeGrid:None EditorOnly:0 RuntimeOnly:0 HLODRelevant:1
 |   |   |- [+] [ 39]
 |   |   |   |- Guid:1A18A9B046402A2E214E848637AE69DC BaseClass: NativeClass:/Script/Foliage.InstancedFoliageActor Name:InstancedFoliageActor_25600_0_-1_0 Label:InstancedFoliageActor_0_-1_0 SpatiallyLoaded:1 Bounds:IsValid=true, Min=(X=0.000 Y=-25600.000 Z=0.000), Max=(X=25600.000 Y=0.000 Z=25600.000) RuntimeGrid:None EditorOnly:0 RuntimeOnly:0 HLODRelevant:1
 |   |   |- [+] [ 40]
 |   |   |   |- Guid:FAE93BE94441635CF9BA35B2AD9FD53C BaseClass: NativeClass:/Script/Engine.StaticMeshActor Name:StaticMeshActor_UAID_50EBF658E098646A01_1887690697 Label:S_Tarped_Crate_vh3lbfy_lod3_Var7 SpatiallyLoaded:1 Bounds:IsValid=true, Min=(X=1688.433 Y=-3673.034 Z=16.301), Max=(X=1771.626 Y=-3606.858 Z=92.760) RuntimeGrid:None EditorOnly:0 RuntimeOnly:0 HLODRelevant:1
 |   |   |- [+] [ 41]
 |   |   |   |- Guid:C22CE07C4B87D685137FDBBC10FC92C6 BaseClass: NativeClass:/Script/Engine.SkyAtmosphere Name:SkyAtmosphere_0 Label:SkyAtmosphere SpatiallyLoaded:0 Bounds:IsValid=true, Min=(X=0.000 Y=0.000 Z=1020.000), Max=(X=0.000 Y=0.000 Z=1020.000) RuntimeGrid:None EditorOnly:0 RuntimeOnly:0 HLODRelevant:0 FolderPath:Lighting FolderGuid:0BA5F0A04EADB18E70D5B180D08FA34B
 |   |   |- [+] [ 42]
 |   |   |   |- Guid:C0C56B9644AE3D40CAFF6A878DB29844 BaseClass: NativeClass:/Script/Engine.StaticMeshActor Name:StaticMeshActor_UAID_A4AE111137DC5EFB00_2001720423 Label:SM_SkySphere SpatiallyLoaded:1 Bounds:IsValid=true, Min=(X=-1638400.000 Y=-1638400.000 Z=-1638400.000), Max=(X=1638400.000 Y=1638400.000 Z=1638400.000) RuntimeGrid:None EditorOnly:0 RuntimeOnly:0 HLODRelevant:1 FolderPath:Lighting FolderGuid:0BA5F0A04EADB18E70D5B180D08FA34B
 |   |   |- [+] [ 43]
 |   |   |   |- Guid:6FEFB3BD4EB37B849EF0D4AC80F83855 BaseClass: NativeClass:/Script/Engine.WorldDataLayers Name:WorldDataLayers Label:None SpatiallyLoaded:0 Bounds:IsValid=true, Min=(X=0.000 Y=0.000 Z=0.000), Max=(X=0.000 Y=0.000 Z=0.000) RuntimeGrid:None EditorOnly:0 RuntimeOnly:0 HLODRelevant:0
 |   |   |- [+] [ 44]
 |   |   |   |- Guid:D47054674F509FE756178FAAD656FBA6 BaseClass: NativeClass:/Script/Landscape.LandscapeStreamingProxy Name:LandscapeStreamingProxy_C87Q4TYUYZVUU4KJ25F9SSP4X_1_3_3_0 Label:LandscapeStreamingProxy_3_3_0 SpatiallyLoaded:1 Bounds:IsValid=true, Min=(X=7730.000 Y=7880.000 Z=20.000), Max=(X=13930.000 Y=14080.000 Z=3812.969) RuntimeGrid:None EditorOnly:0 RuntimeOnly:0 HLODRelevant:1
 |   |   |- [+] [ 45]
 |   |   |   |- Guid:61FFC2E74349D22BA59002B1E78661E0 BaseClass: NativeClass:/Script/Engine.StaticMeshActor Name:StaticMeshActor_UAID_18C04D42E786A16A01_1212341433 Label:Tambor_de_aceite SpatiallyLoaded:1 Bounds:IsValid=true, Min=(X=3410.880 Y=-4126.991 Z=24.228), Max=(X=3544.862 Y=-3993.009 Z=215.083) RuntimeGrid:None EditorOnly:0 RuntimeOnly:0 HLODRelevant:1
 |   |   |- [+] [ 46]
 |   |   |   |- Guid:5AA54FD94913615CB40357AB19A37B52 BaseClass: NativeClass:/Script/Engine.StaticMeshActor Name:StaticMeshActor_UAID_50EBF658E0985D6A01_1231169470 Label:S_Sandbag_Barrier_udtvadqfa_lod3_Var2 SpatiallyLoaded:1 Bounds:IsValid=true, Min=(X=1366.449 Y=-1274.079 Z=16.025), Max=(X=1815.482 Y=-763.414 Z=194.892) RuntimeGrid:None EditorOnly:0 RuntimeOnly:0 HLODRelevant:1
 |   |   |- [+] [ 47]
 |   |   |   |- Guid:2E53D1354F80D21CDB65E38589F50B41 BaseClass: NativeClass:/Script/Landscape.Landscape Name:Landscape_UAID_50EBF658E098026A01_1597191449 Label:Landscape SpatiallyLoaded:0 Bounds:IsValid=true, Min=(X=-10870.000 Y=-10720.000 Z=20.000), Max=(X=-10870.000 Y=-10720.000 Z=20.000) RuntimeGrid:None EditorOnly:0 RuntimeOnly:0 HLODRelevant:0
 |   |   |- [+] [ 48]
 |   |   |   |- Guid:6F0EE44B418B3B62AA5ACD81DA42484C BaseClass: NativeClass:/Script/Engine.StaticMeshActor Name:StaticMeshActor_UAID_50EBF658E0985F6A01_2033416827 Label:WH SpatiallyLoaded:1 Bounds:IsValid=true, Min=(X=1356.677 Y=-4672.102 Z=19.322), Max=(X=3957.069 Y=-1228.067 Z=1434.987) RuntimeGrid:None EditorOnly:0 RuntimeOnly:0 HLODRelevant:1
 |   |   |- [+] [ 49]
 |   |   |   |- Guid:C027D04A48E23BEBC3DB18A375C8FEC7 BaseClass: NativeClass:/Script/Engine.StaticMeshActor Name:StaticMeshActor_UAID_50EBF658E098626A01_1786902343 Label:S_Sandbag_Barrier_udtvadqfa_lod3_Var4 SpatiallyLoaded:1 Bounds:IsValid=true, Min=(X=1785.921 Y=-1245.482 Z=16.025), Max=(X=2296.586 Y=-796.449 Z=194.892) RuntimeGrid:None EditorOnly:0 RuntimeOnly:0 HLODRelevant:1
 |   |   |- [+] [ 50]
 |   |   |   |- Guid:E296936A4EDEB39A7EB90491C322A641 BaseClass: NativeClass:/Script/Engine.StaticMeshActor Name:StaticMeshActor_UAID_50EBF658E0985D6A01_1140493468 Label:S_Worn_Metal_Workbench_wbuidixga_lod3_Var3 SpatiallyLoaded:1 Bounds:IsValid=true, Min=(X=2386.710 Y=-3796.025 Z=529.650), Max=(X=2473.088 Y=-3643.994 Z=606.488) RuntimeGrid:None EditorOnly:0 RuntimeOnly:0 HLODRelevant:1
 |   |   |- [+] [ 51]
 |   |   |   |- Guid:177E489A43E60E49A155ADBFABAB95D1 BaseClass: NativeClass:/Script/Engine.StaticMeshActor Name:StaticMeshActor_UAID_50EBF658E098626A01_1795056344 Label:S_Sandbag_Barrier_udtvadqfa_lod3_Var5 SpatiallyLoaded:1 Bounds:IsValid=true, Min=(X=2946.449 Y=-1314.079 Z=16.025), Max=(X=3395.482 Y=-803.414 Z=194.892) RuntimeGrid:None EditorOnly:0 RuntimeOnly:0 HLODRelevant:1
 |   |   |- [+] [ 52]
 |   |   |   |- Guid:CE8D82634660FCDB3120E2B8D547C533 BaseClass: NativeClass:/Script/Engine.PostProcessVolume Name:PostProcessVolume_0 Label:PostProcessVolume SpatiallyLoaded:0 Bounds:IsValid=true, Min=(X=0.000 Y=0.000 Z=400.000), Max=(X=200.000 Y=200.000 Z=600.000) RuntimeGrid:None EditorOnly:0 RuntimeOnly:0 HLODRelevant:0 FolderPath:Lighting FolderGuid:0BA5F0A04EADB18E70D5B180D08FA34B
 |   |   |- [+] [ 53]
 |   |   |   |- Guid:5D9F7B764B88FB46B3DA9F9F9866194A BaseClass: NativeClass:/Script/Engine.StaticMeshActor Name:StaticMeshActor_UAID_50EBF658E0985C6A01_2056167288 Label:S_Tarped_Crate_vh3lbfy_lod3_Var3 SpatiallyLoaded:1 Bounds:IsValid=true, Min=(X=1468.433 Y=-3863.034 Z=16.301), Max=(X=1551.626 Y=-3796.858 Z=92.760) RuntimeGrid:None EditorOnly:0 RuntimeOnly:0 HLODRelevant:1
 |   |   |- [+] [ 54]
 |   |   |   |- Guid:FEEEFBBD4860CF053BE1F4B76FBBD315 BaseClass: NativeClass:/Script/Engine.StaticMeshActor Name:StaticMeshActor_UAID_50EBF658E098906C01_1265904551 Label:Tambor_de_aceite2 SpatiallyLoaded:1 Bounds:IsValid=true, Min=(X=1750.880 Y=-2036.991 Z=24.228), Max=(X=1884.862 Y=-1903.009 Z=215.083) RuntimeGrid:None EditorOnly:0 RuntimeOnly:0 HLODRelevant:1
 |   |   |- [+] [ 55]
 |   |   |   |- Guid:640C49424CED045D80B8ADA4DBA2C8D3 BaseClass: NativeClass:/Script/Engine.StaticMeshActor Name:StaticMeshActor_UAID_50EBF658E098906C01_1267313552 Label:Tambor_de_aceite3 SpatiallyLoaded:1 Bounds:IsValid=true, Min=(X=2210.880 Y=-2366.991 Z=24.228), Max=(X=2344.862 Y=-2233.009 Z=215.083) RuntimeGrid:None EditorOnly:0 RuntimeOnly:0 HLODRelevant:1
 |   |   |- [+] [ 56]
 |   |   |   |- Guid:3E51C07249B26C24ABF2F0BB0AD165C1 BaseClass: NativeClass:/Script/Engine.StaticMeshActor Name:StaticMeshActor_UAID_50EBF658E098906C01_1268447553 Label:Tambor_de_aceite4 SpatiallyLoaded:1 Bounds:IsValid=true, Min=(X=2670.880 Y=-4026.991 Z=24.228), Max=(X=2804.862 Y=-3893.009 Z=215.083) RuntimeGrid:None EditorOnly:0 RuntimeOnly:0 HLODRelevant:1
 |   |   |- [+] [ 57]
 |   |   |   |- Guid:C48D147A43C6B4616A5BC7968F5B08FB BaseClass: NativeClass:/Script/Engine.StaticMeshActor Name:StaticMeshActor_UAID_50EBF658E098906C01_1270213554 Label:Tambor_de_aceite5 SpatiallyLoaded:1 Bounds:IsValid=true, Min=(X=3420.880 Y=-1876.991 Z=24.228), Max=(X=3554.862 Y=-1743.009 Z=215.083) RuntimeGrid:None EditorOnly:0 RuntimeOnly:0 HLODRelevant:1
 |   |   |- [+] [ 58]
 |   |   |   |- Guid:EC74CDF846C2B088654F778AF98D6B11 BaseClass: NativeClass:/Script/Engine.StaticMeshActor Name:StaticMeshActor_UAID_50EBF658E098906C01_1271480555 Label:Tambor_de_aceite6 SpatiallyLoaded:1 Bounds:IsValid=true, Min=(X=1570.880 Y=-3346.991 Z=24.228), Max=(X=1704.862 Y=-3213.009 Z=215.083) RuntimeGrid:None EditorOnly:0 RuntimeOnly:0 HLODRelevant:1
 |   |   |- [+] [ 59]
 |   |   |   |- Guid:805438744B494562B5FCB693457BB9C7 BaseClass: NativeClass:/Script/Engine.StaticMeshActor Name:StaticMeshActor_UAID_50EBF658E098926C01_1219705910 Label:madera2 SpatiallyLoaded:1 Bounds:IsValid=true, Min=(X=-1165.000 Y=-1090.000 Z=66.821), Max=(X=-1015.000 Y=-990.000 Z=95.033) RuntimeGrid:None EditorOnly:0 RuntimeOnly:0 HLODRelevant:1 Parent:714AEFF943940D29CBA5669D5BFD17D8
 |   |   |   |- Guid:714AEFF943940D29CBA5669D5BFD17D8 BaseClass: NativeClass:/Script/Engine.StaticMeshActor Name:StaticMeshActor_UAID_50EBF658E098926C01_1219707911 Label:pCube2 SpatiallyLoaded:1 Bounds:IsValid=true, Min=(X=-1165.000 Y=-1090.000 Z=19.894), Max=(X=-1015.000 Y=-990.000 Z=69.894) RuntimeGrid:None EditorOnly:0 RuntimeOnly:0 HLODRelevant:1
 |   |   |- [+] [ 60]
 |   |   |   |- Guid:28C3FCB44E3B265BCB8C84841437C672 BaseClass: NativeClass:/Script/Engine.StaticMeshActor Name:StaticMeshActor_UAID_50EBF658E098926C01_1220876912 Label:madera3 SpatiallyLoaded:1 Bounds:IsValid=true, Min=(X=-375.000 Y=-1100.000 Z=66.821), Max=(X=-225.000 Y=-1000.000 Z=95.033) RuntimeGrid:None EditorOnly:0 RuntimeOnly:0 HLODRelevant:1 Parent:76B8FB90480F709F07D55CAEC25CAB06
 |   |   |   |- Guid:76B8FB90480F709F07D55CAEC25CAB06 BaseClass: NativeClass:/Script/Engine.StaticMeshActor Name:StaticMeshActor_UAID_50EBF658E098926C01_1220877913 Label:pCube3 SpatiallyLoaded:1 Bounds:IsValid=true, Min=(X=-375.000 Y=-1100.000 Z=19.894), Max=(X=-225.000 Y=-1000.000 Z=69.894) RuntimeGrid:None EditorOnly:0 RuntimeOnly:0 HLODRelevant:1
 |   |   |- [+] [ 61]
 |   |   |   |- Guid:4DE46CD64DF93AB0E635678B123CAE45 BaseClass: NativeClass:/Script/Engine.StaticMeshActor Name:StaticMeshActor_UAID_50EBF658E098926C01_1223169914 Label:madera4 SpatiallyLoaded:1 Bounds:IsValid=true, Min=(X=-215.000 Y=-1100.000 Z=66.821), Max=(X=-65.000 Y=-1000.000 Z=95.033) RuntimeGrid:None EditorOnly:0 RuntimeOnly:0 HLODRelevant:1 Parent:8FC59F70409AF8C2C72661A2400CC59A
 |   |   |   |- Guid:8FC59F70409AF8C2C72661A2400CC59A BaseClass: NativeClass:/Script/Engine.StaticMeshActor Name:StaticMeshActor_UAID_50EBF658E098926C01_1223171915 Label:pCube4 SpatiallyLoaded:1 Bounds:IsValid=true, Min=(X=-215.000 Y=-1100.000 Z=19.894), Max=(X=-65.000 Y=-1000.000 Z=69.894) RuntimeGrid:None EditorOnly:0 RuntimeOnly:0 HLODRelevant:1
 |- ContainerInstances:
 |- [+] MainContainer:
 |   |-        ID: 0x0000000000000000
 |   |-    Bounds: IsValid=false, Min=(X=0.000 Y=0.000 Z=0.000), Max=(X=0.000 Y=0.000 Z=0.000)
 |   |- Transform: 0.000000,0.000000,0.000000|0.000000,0.000000,-0.000000|1.000000,1.000000,1.000000
 |   |- Container: /Game/FirstPerson/Maps/FirstPersonMap
----------------------------------------------------------------------------------------------------------------
FirstPersonMap - Persistent Level
----------------------------------------------------------------------------------------------------------------
Always loaded Actor Count: 109 

----------------------------------------------------------------------------------------------------------------
FirstPersonMap - Runtime Spatial Hash - Streaming Grid - MainGrid
----------------------------------------------------------------------------------------------------------------
            Origin: X=0.000 Y=0.000 Z=0.000
         Cell Size: 12800
      World Bounds: IsValid=false, Min=(X=0.000 Y=0.000 Z=0.000), Max=(X=0.000 Y=0.000 Z=0.000)
     Loading Range: 25600.00
Block Slow Loading: No
 ClientOnlyVisible: No

[+] Grid Levels: 1
 |- Level  0: Cell Count    0 | Cell Size   12800 | Actor Count    0 (0.0%)

[+] Content of Grid Level 0

